<?xml version="1.0" encoding="UTF-8"?>
<!-- Generated by org.testng.reporters.JUnitXMLReporter -->
<testsuite ignored="0" hostname="JyothiMedagam21" failures="0" tests="4" name="E-Commerce_Workflow_Tests" time="57.405" errors="0" timestamp="2025-08-29T11:38:21 IST">
  <testcase classname="tests.ECommerceTest" name="testHomepageAndCategoryVerification" time="6.075"/>
  <testcase classname="tests.ECommerceTest" name="testProductSelectionAndCartAddition" time="22.669"/>
  <testcase classname="tests.ECommerceTest" name="testCartAndCheckoutWorkflow" time="19.455"/>
  <testcase classname="tests.ECommerceTest" name="testNegativeScenarioValidation" time="6.815"/>
</testsuite> <!-- E-Commerce_Workflow_Tests -->
