<?xml version="1.0" encoding="UTF-8"?>
<!-- Generated by org.testng.reporters.JUnitXMLReporter -->
<testsuite ignored="0" hostname="JyothiMedagam21" failures="0" tests="4" name="E-Commerce_Workflow_Tests" time="69.1" errors="0" timestamp="2025-08-29T11:42:35 IST">
  <testcase classname="tests.ECommerceTest" name="testHomepageAndCategoryVerification" time="6.237"/>
  <testcase classname="tests.ECommerceTest" name="testProductSelectionAndCartAddition" time="34.722"/>
  <testcase classname="tests.ECommerceTest" name="testCartAndCheckoutWorkflow" time="18.828"/>
  <testcase classname="tests.ECommerceTest" name="testNegativeScenarioValidation" time="6.919"/>
</testsuite> <!-- E-Commerce_Workflow_Tests -->
