<?xml version="1.0" encoding="UTF-8"?>
<testsuite xmlns:xsi="http://www.w3.org/2001/XMLSchema-instance" xsi:noNamespaceSchemaLocation="https://maven.apache.org/surefire/maven-surefire-plugin/xsd/surefire-test-report-3.0.xsd" version="3.0" name="TestSuite" time="58.128" tests="4" errors="0" skipped="0" failures="0">
  <properties>
[...]
</properties>
  <testcase name="testHomepageAndCategoryVerification" classname="tests.ECommerceTest" time="6.066">
    <system-out><![CDATA[...
... TestNG 7.8.0 by Cédric Beust (cedric@beust.com)
...

[2025-08-29 11:37:24] ================================================================================
[2025-08-29 11:37:24] E-COMMERCE AUTOMATION TEST EXECUTION REPORT
[2025-08-29 11:37:24] ================================================================================
[2025-08-29 11:37:24] Test Suite: ECommerce_Automation_Suite
[2025-08-29 11:37:24] Start Time: 2025-08-29 11:37:24
Config file not found; using default config values.
[2025-08-29 11:37:24] Browser: chrome
[2025-08-29 11:37:24] URL: https://automationteststore.com/
[2025-08-29 11:37:24] ================================================================================
[2025-08-29 11:37:24] Starting E-Commerce Test Suite
[2025-08-29 11:37:26] WebDriver initialized for browser: chrome
[2025-08-29 11:37:26] 
[TEST START] testHomepageAndCategoryVerification
[2025-08-29 11:37:26] Description: Homepage & Category Verification
[2025-08-29 11:37:26] === Test 1: Homepage & Category Verification ===
[2025-08-29 11:37:30] Navigated to homepage: https://automationteststore.com/
[2025-08-29 11:37:30] Dynamic category detection found 8 categories:
[2025-08-29 11:37:30]    - HOME
[2025-08-29 11:37:30]    - APPAREL & ACCESSORIES
[2025-08-29 11:37:30]    - MAKEUP
[2025-08-29 11:37:30]    - SKINCARE
[2025-08-29 11:37:30]    - FRAGRANCE
[2025-08-29 11:37:30]    - MEN
[2025-08-29 11:37:30]    - HAIR CARE
[2025-08-29 11:37:30]    - BOOKS
[2025-08-29 11:37:30] [VALIDATION] Found 8 categories on homepage
[2025-08-29 11:37:30] Dynamic category detection found 8 categories:
[2025-08-29 11:37:30]    - HOME
[2025-08-29 11:37:30]    - APPAREL & ACCESSORIES
[2025-08-29 11:37:30]    - MAKEUP
[2025-08-29 11:37:30]    - SKINCARE
[2025-08-29 11:37:30]    - FRAGRANCE
[2025-08-29 11:37:30]    - MEN
[2025-08-29 11:37:30]    - HAIR CARE
[2025-08-29 11:37:30]    - BOOKS
[2025-08-29 11:37:32] Successfully navigated to random category: FRAGRANCE
[2025-08-29 11:37:32] Category page has 18 products
[2025-08-29 11:37:32] === Test 1 Completed Successfully ===
]]></system-out>
    <system-err><![CDATA[[main] INFO io.github.bonigarcia.wdm.WebDriverManager - Using chromedriver 139.0.7258.154 (resolved driver for Chrome 139)
[main] INFO io.github.bonigarcia.wdm.WebDriverManager - Exporting webdriver.chrome.driver as C:\Users\Pavan\.cache\selenium\chromedriver\win64\139.0.7258.154\chromedriver.exe
Aug 29, 2025 11:37:26 AM org.openqa.selenium.devtools.CdpVersionFinder findNearestMatch
WARNING: Unable to find CDP implementation matching 139
Aug 29, 2025 11:37:26 AM org.openqa.selenium.chromium.ChromiumDriver lambda$new$5
WARNING: Unable to find version of CDP to use for 139.0.7258.154. You may need to include a dependency on a specific version of the CDP using something similar to `org.seleniumhq.selenium:selenium-devtools-v86:4.15.0` where the version ("v86") matches the version of the chromium-based browser you're using and the version number of the artifact is the same as Selenium's.
]]></system-err>
  </testcase>
  <testcase name="testProductSelectionAndCartAddition" classname="tests.ECommerceTest" time="22.662">
    <system-out><![CDATA[[2025-08-29 11:37:32] [PASS] testHomepageAndCategoryVerification - Execution Time: 6075ms
[2025-08-29 11:37:32] 
[TEST START] testProductSelectionAndCartAddition
[2025-08-29 11:37:32] Description: Product Selection & Cart Addition
[2025-08-29 11:37:32] === Test 2: Product Selection & Cart Addition ===
[2025-08-29 11:37:33] Navigated to homepage: https://automationteststore.com/
[2025-08-29 11:37:34] Dynamic category detection found 8 categories:
[2025-08-29 11:37:34]    - HOME
[2025-08-29 11:37:34]    - APPAREL & ACCESSORIES
[2025-08-29 11:37:34]    - MAKEUP
[2025-08-29 11:37:34]    - SKINCARE
[2025-08-29 11:37:34]    - FRAGRANCE
[2025-08-29 11:37:34]    - MEN
[2025-08-29 11:37:34]    - HAIR CARE
[2025-08-29 11:37:34]    - BOOKS
[2025-08-29 11:37:35] Successfully navigated to random category: FRAGRANCE
[2025-08-29 11:37:35] Attempting to select random product...
[2025-08-29 11:37:35] Found 86 product links
[2025-08-29 11:37:37] 9 valid product links found
[2025-08-29 11:37:37] Selected random product: BEAUTY EAU DE PARFUM
[2025-08-29 11:37:39] Successfully clicked on product
[2025-08-29 11:37:39] Product Info Retrieved - Name: Beauty Eau de Parfum, Price: $42.00, Available: true
[2025-08-29 11:37:39] Product Info Retrieved - Name: Beauty Eau de Parfum, Price: $42.00, Available: true
[2025-08-29 11:37:40] [PRODUCT] Name: Beauty Eau de Parfum | Price: $42.00 | URL: https://automationteststore.com/index.php?rt=checkout/cart
[2025-08-29 11:37:40] Product successfully added to cart: Beauty Eau de Parfum
[2025-08-29 11:37:40] [PRODUCT] Name: Beauty Eau de Parfum | Price: $42.00 | URL: https://automationteststore.com/index.php?rt=checkout/cart
[2025-08-29 11:37:40] Successfully added product 1
[2025-08-29 11:37:42] Navigated to homepage: https://automationteststore.com/
[2025-08-29 11:37:42] Dynamic category detection found 8 categories:
[2025-08-29 11:37:42]    - HOME
[2025-08-29 11:37:42]    - APPAREL & ACCESSORIES
[2025-08-29 11:37:42]    - MAKEUP
[2025-08-29 11:37:42]    - SKINCARE
[2025-08-29 11:37:42]    - FRAGRANCE
[2025-08-29 11:37:42]    - MEN
[2025-08-29 11:37:42]    - HAIR CARE
[2025-08-29 11:37:42]    - BOOKS
[2025-08-29 11:37:44] Successfully navigated to random category: SKINCARE
[2025-08-29 11:37:44] Attempting to select random product...
[2025-08-29 11:37:44] Found 42 product links
[2025-08-29 11:37:45] 5 valid product links found
[2025-08-29 11:37:45] Selected random product: TOTAL MOISTURE FACIAL CREAM
[2025-08-29 11:37:46] Successfully clicked on product
[2025-08-29 11:37:46] Product Info Retrieved - Name: Total Moisture Facial Cream, Price: $42.00, Available: false
[2025-08-29 11:37:46] Skipping out-of-stock product
[2025-08-29 11:37:48] Navigated to homepage: https://automationteststore.com/
[2025-08-29 11:37:48] Dynamic category detection found 8 categories:
[2025-08-29 11:37:48]    - HOME
[2025-08-29 11:37:48]    - APPAREL & ACCESSORIES
[2025-08-29 11:37:48]    - MAKEUP
[2025-08-29 11:37:48]    - SKINCARE
[2025-08-29 11:37:48]    - FRAGRANCE
[2025-08-29 11:37:48]    - MEN
[2025-08-29 11:37:48]    - HAIR CARE
[2025-08-29 11:37:48]    - BOOKS
[2025-08-29 11:37:49] Successfully navigated to random category: FRAGRANCE
[2025-08-29 11:37:49] Attempting to select random product...
[2025-08-29 11:37:49] Found 88 product links
[2025-08-29 11:37:51] 9 valid product links found
[2025-08-29 11:37:51] Selected random product: GUCCI GUILTY
[2025-08-29 11:37:53] Successfully clicked on product
[2025-08-29 11:37:53] Product Info Retrieved - Name: Gucci Guilty, Price: $42.00, Available: true
[2025-08-29 11:37:53] Product Info Retrieved - Name: Gucci Guilty, Price: $42.00, Available: true
[2025-08-29 11:37:54] [PRODUCT] Name: Gucci Guilty | Price: $42.00 | URL: https://automationteststore.com/index.php?rt=checkout/cart
[2025-08-29 11:37:54] Product successfully added to cart: Gucci Guilty
[2025-08-29 11:37:54] [PRODUCT] Name: Gucci Guilty | Price: $42.00 | URL: https://automationteststore.com/index.php?rt=checkout/cart
[2025-08-29 11:37:54] Successfully added product 2
[2025-08-29 11:37:54] [VALIDATION] Successfully added 2 product(s) to cart
[2025-08-29 11:37:54] === Test 2 Completed Successfully ===
]]></system-out>
  </testcase>
  <testcase name="testCartAndCheckoutWorkflow" classname="tests.ECommerceTest" time="19.454">
    <system-out><![CDATA[[2025-08-29 11:37:54] [PASS] testProductSelectionAndCartAddition - Execution Time: 22669ms
[2025-08-29 11:37:54] 
[TEST START] testCartAndCheckoutWorkflow
[2025-08-29 11:37:54] Description: Cart & Checkout Workflow
[2025-08-29 11:37:54] === Test 3: Cart & Checkout Workflow ===
[2025-08-29 11:37:56] Navigated to cart page: https://automationteststore.com/index.php?rt=checkout/cart
[2025-08-29 11:37:56] DEBUG: Found 112 elements in cart
[2025-08-29 11:37:56] DEBUG Cart element: ''
[2025-08-29 11:37:56] DEBUG Cart element: 'Login or register'
[2025-08-29 11:37:56] DEBUG Cart element: 'SPECIALS'
[2025-08-29 11:37:56] DEBUG Cart element: 'ACCOUNT'
[2025-08-29 11:37:56] DEBUG Cart element: 'CART'
[2025-08-29 11:37:56] DEBUG Cart element: 'CHECKOUT'
[2025-08-29 11:37:56] DEBUG Cart element: '$ US DOLLAR'
[2025-08-29 11:37:56] DEBUG Cart element: '2 ITEMS - $155.00'
[2025-08-29 11:37:56] DEBUG Cart element: 'Facebook'
[2025-08-29 11:37:56] DEBUG Cart element: 'Twitter'
[2025-08-29 11:37:56] DEBUG Cart element: 'Linkedin'
[2025-08-29 11:37:56] DEBUG Cart element: 'HOME'
[2025-08-29 11:37:56] DEBUG Cart element: 'APPAREL & ACCESSORIES'
[2025-08-29 11:37:56] DEBUG Cart element: 'MAKEUP'
[2025-08-29 11:37:56] DEBUG Cart element: 'SKINCARE'
[2025-08-29 11:37:57] DEBUG Cart element: 'FRAGRANCE'
[2025-08-29 11:37:57] DEBUG Cart element: 'MEN'
[2025-08-29 11:37:57] DEBUG Cart element: 'HAIR CARE'
[2025-08-29 11:37:57] DEBUG Cart element: 'BOOKS'
[2025-08-29 11:37:57] DEBUG Cart element: 'Home'
[2025-08-29 11:37:57] DEBUG Cart element: 'Basket'
[2025-08-29 11:37:57] DEBUG Cart element: 'Image Name Model Unit Price Quantity Total Remove'
[2025-08-29 11:37:57] DEBUG Cart element: 'Beauty Eau de Parfum
- Fragrance Size 1.0 oz
497303 $50.00
$50.00'
[2025-08-29 11:37:57] DEBUG Cart element: ''
[2025-08-29 11:37:57] DEBUG Cart element: 'Beauty Eau de Parfum'
[2025-08-29 11:37:57] DEBUG Cart element: ''
[2025-08-29 11:37:57] DEBUG Cart element: 'Gucci Guilty
- Size 30ml
PRF00269 $105.00
$105.00'
[2025-08-29 11:37:57] DEBUG Cart element: ''
[2025-08-29 11:37:57] DEBUG Cart element: 'Gucci Guilty'
[2025-08-29 11:37:57] DEBUG Cart element: ''
[2025-08-29 11:37:57] DEBUG Cart element: 'Checkout'
[2025-08-29 11:37:57] DEBUG Cart element: 'Apply Coupon Code'
[2025-08-29 11:37:57] DEBUG Cart element: 'Enter your code and click "Apply Coupon" and to see your discount instantly applied to your order.
Coupon: Apply Coupon'
[2025-08-29 11:37:57] DEBUG Cart element: 'Estimate Shipping & Taxes'
[2025-08-29 11:37:57] DEBUG Cart element: 'Country and State
              Afghanistan
              Albania
              Algeria
              American Samoa
              Andorra
              Angola
              Anguilla
              Antarctica
              Antigua and Barbuda
              Argentina
              Armenia
              Aruba
              Australia
              Austria
              Azerbaijan
              Bahamas
              Bahrain
              Bangladesh
              Barbados
              Belarus
              Belgium
              Belize
              Benin
              Bermuda
              Bhutan
              Bolivia
              Bosnia and Herzegowina
              Botswana
              Bouvet Island
              Brazil
              British Indian Ocean Territory
              Brunei Darussalam
              Bulgaria
              Burkina Faso
              Burundi
              Cambodia
              Cameroon
              Canada
              Cape Verde
              Cayman Islands
              Central African Republic
              Chad
              Chile
              China
              Christmas Island
              Cocos (Keeling) Islands
              Colombia
              Comoros
              Congo
              Cook Islands
              Costa Rica
              Cote D'Ivoire
              Croatia
              Cuba
              Cyprus
              Czech Republic
              Denmark
              Djibouti
              Dominica
              Dominican Republic
              East Timor
              Ecuador
              Egypt
              El Salvador
              Equatorial Guinea
              Eritrea
              Estonia
              Ethiopia
              Falkland Islands (Malvinas)
              Faroe Islands
              Fiji
              Finland
              France
              France, Metropolitan
              French Guiana
              French Polynesia
              French Southern Territories
              Gabon
              Gambia
              Georgia
              Germany
              Ghana
              Gibraltar
              Greece
              Greenland
              Grenada
              Guadeloupe
              Guam
              Guatemala
              Guinea
              Guinea-bissau
              Guyana
              Haiti
              Heard and Mc Donald Islands
              Honduras
              Hong Kong
              Hungary
              Iceland
              India
              Indonesia
              Iran (Islamic Republic of)
              Iraq
              Ireland
              Israel
              Italy
              Jamaica
              Japan
              Jordan
              Kazakhstan
              Kenya
              Kiribati
              Korea, Republic of
              Kuwait
              Kyrgyzstan
              Lao People's Democratic Republic
              Latvia
              Lebanon
              Lesotho
              Liberia
              Libyan Arab Jamahiriya
              Liechtenstein
              Lithuania
              Luxembourg
              Macau
              Macedonia
              Madagascar
              Malawi
              Malaysia
              Maldives
              Mali
              Malta
              Marshall Islands
              Martinique
              Mauritania
              Mauritius
              Mayotte
              Mexico
              Micronesia, Federated States of
              Moldova, Republic of
              Monaco
              Mongolia
              Montserrat
              Morocco
              Mozambique
              Myanmar
              Namibia
              Nauru
              Nepal
              Netherlands
              Netherlands Antilles
              New Caledonia
              New Zealand
              Nicaragua
              Niger
              Nigeria
              Niue
              Norfolk Island
              North Korea
              Northern Ireland
              Northern Mariana Islands
              Norway
              Oman
              Pakistan
              Palau
              Panama
              Papua New Guinea
              Paraguay
              Peru
              Philippines
              Pitcairn
              Poland
              Portugal
              Puerto Rico
              Qatar
              Reunion
              Romania
              Russia
              Rwanda
              Saint Kitts and Nevis
              Saint Lucia
              Saint Vincent and the Grenadines
              Samoa
              San Marino
              Sao Tome and Principe
              Saudi Arabia
              Senegal
              Seychelles
              Sierra Leone
              Singapore
              Slovak Republic
              Slovenia
              Solomon Islands
              Somalia
              South Africa
              South Georgia & South Sandwich Islands
              Spain
              Sri Lanka
              St. Helena
              St. Pierre and Miquelon
              Sudan
              Suriname
              Svalbard and Jan Mayen Islands
              Swaziland
              Sweden
              Switzerland
              Syrian Arab Republic
              Taiwan
              Tajikistan
              Tanzania, United Republic of
              Thailand
              Togo
              Tokelau
              Tonga
              Trinidad and Tobago
              Tunisia
              Turkey
              Turkmenistan
              Turks and Caicos Islands
              Tuvalu
              Uganda
              Ukraine
              United Arab Emirates
              United Kingdom
              United States
              United States Minor Outlying Islands
              Uruguay
              Uzbekistan
              Vanuatu
              Vatican City State (Holy See)
              Venezuela
              Viet Nam
              Virgin Islands (British)
              Virgin Islands (U.S.)
              Wallis and Futuna Islands
              Western Sahara
              Yemen
              Yugoslavia
              Zaire
              Zambia
              Zimbabwe
     
               Aberdeen
                Aberdeenshire
                Anglesey
                Angus
                Argyll and Bute
                Bedfordshire
                Berkshire
                Blaenau Gwent
                Bridgend
                Bristol
                Buckinghamshire
                Caerphilly
                Cambridgeshire
                Cardiff
                Carmarthenshire
                Ceredigion
                Cheshire
                Clackmannanshire
                Conwy
                Cornwall
                Denbighshire
                Derbyshire
                Devon
                Dorset
                Dumfries and Galloway
                Dundee
                Durham
                East Ayrshire
                East Dunbartonshire
                East Lothian
                East Renfrewshire
                East Riding of Yorkshire
                East Sussex
                Edinburgh
                Essex
                Falkirk
                Fife
                Flintshire
                Glasgow
                Gloucestershire
                Greater London
                Greater Manchester
                Gwynedd
                Hampshire
                Herefordshire
                Hertfordshire
                Highlands
                Inverclyde
                Isle of Wight
                Kent
                Lancashire
                Leicestershire
                Lincolnshire
                Merseyside
                Merthyr Tydfil
                Midlothian
                Monmouthshire
                Moray
                Neath Port Talbot
                Newport
                Norfolk
                North Ayrshire
                North Lanarkshire
                North Yorkshire
                Northamptonshire
                Northumberland
                Nottinghamshire
                Orkney Islands
                Oxfordshire
                Pembrokeshire
                Perth and Kinross
                Powys
                Renfrewshire
                Rhondda Cynon Taff
                Rutland
                Scottish Borders
                Shetland Islands
                Shropshire
                Somerset
                South Ayrshire
                South Lanarkshire
                South Yorkshire
                Staffordshire
                Stirling
                Suffolk
                Surrey
                Swansea
                Torfaen
                Tyne and Wear
                Vale of Glamorgan
                Warwickshire
                West Dunbartonshire
                West Lothian
                West Midlands
                West Sussex
                West Yorkshire
                Western Isles
                Wiltshire
                Worcestershire
                Wrexham
    ZIP/Post Code
Estimate
Shipments
   Flat Shipping Rate - $2.00'
[2025-08-29 11:37:57] DEBUG Cart element: 'Sub-Total: $155.00'
[2025-08-29 11:37:57] DEBUG Cart element: 'Flat Shipping Rate: $2.00'
[2025-08-29 11:37:57] DEBUG Cart element: 'Total: $157.00'
[2025-08-29 11:37:57] DEBUG Cart element: 'Continue Shopping'
[2025-08-29 11:37:57] DEBUG Cart element: 'Checkout'
[2025-08-29 11:37:57] DEBUG Cart element: '1'
[2025-08-29 11:37:57] DEBUG Cart element: '2'
[2025-08-29 11:37:57] DEBUG Cart element: '3'
[2025-08-29 11:37:58] DEBUG Cart element: '4'
[2025-08-29 11:37:58] DEBUG Cart element: 'About Us'
[2025-08-29 11:37:58] DEBUG Cart element: 'Privacy Policy'
[2025-08-29 11:37:58] DEBUG Cart element: 'Return Policy'
[2025-08-29 11:37:58] DEBUG Cart element: 'Shipping'
[2025-08-29 11:37:58] DEBUG Cart element: 'Contact Us'
[2025-08-29 11:37:58] DEBUG Cart element: 'Site Map'
[2025-08-29 11:37:58] DEBUG Cart element: 'Login'
[2025-08-29 11:37:58] DEBUG Cart element: 'Facebook'
[2025-08-29 11:37:58] DEBUG Cart element: 'Twitter'
[2025-08-29 11:37:58] DEBUG Cart element: 'Linkedin'
[2025-08-29 11:37:58] DEBUG Cart element: 'AbanteCart'
[2025-08-29 11:37:58] DEBUG Cart element: ''
[2025-08-29 11:37:58] DEBUG Cart element: 'Back to top'
[2025-08-29 11:37:58] Validating cart contains 2 expected products
[2025-08-29 11:37:58] [VALIDATION] FOUND in cart: Beauty Eau de Parfum
[2025-08-29 11:37:58] [VALIDATION] FOUND in cart: Gucci Guilty
[2025-08-29 11:37:58] WARNING: Could not find cart total, returning $0.00
[2025-08-29 11:37:58] Actual Cart Total: $0.00
[2025-08-29 11:37:58] [VALIDATION] Cart validation completed successfully
[2025-08-29 11:38:00] Proceeding to checkout
[2025-08-29 11:38:00] Reached checkout page: https://automationteststore.com/index.php?rt=checkout/cart
[2025-08-29 11:38:00] Register account option not found, trying alternative approach
[2025-08-29 11:38:01] Clicked continue to proceed to registration
[2025-08-29 11:38:03] On registration page: https://automationteststore.com/index.php?rt=account/login
[2025-08-29 11:38:03] Filling registration form with user data
[2025-08-29 11:38:14] Error filling registration form: Expected condition failed: waiting for pages.RegistrationPage$$Lambda/0x00000232902c4b68@2abc55c4 (tried for 10 second(s) with 500 milliseconds interval)
[2025-08-29 11:38:14] Registration form filled with test data from CSV
[2025-08-29 11:38:14] === Test 3 Completed Successfully ===
]]></system-out>
  </testcase>
  <testcase name="testNegativeScenarioValidation" classname="tests.ECommerceTest" time="6.811">
    <system-out><![CDATA[[2025-08-29 11:38:14] [PASS] testCartAndCheckoutWorkflow - Execution Time: 19455ms
[2025-08-29 11:38:14] 
[TEST START] testNegativeScenarioValidation
[2025-08-29 11:38:14] Description: Negative Scenario - Validation Testing
[2025-08-29 11:38:14] === Test 4: Negative Scenario - Validation Testing ===
[2025-08-29 11:38:16] On registration page: https://automationteststore.com/index.php?rt=account/create
[2025-08-29 11:38:16] Error clearing registration form: no such element: Unable to locate element: {"method":"css selector","selector":"#loginFrm_loginname"}
  (Session info: chrome=139.0.7258.154)
For documentation on this error, please visit: https://www.selenium.dev/documentation/webdriver/troubleshooting/errors#no-such-element-exception
Build info: version: '4.15.0', revision: '1d14b5521b'
System info: os.name: 'Windows 11', os.arch: 'amd64', os.version: '10.0', java.version: '21.0.8'
Driver info: org.openqa.selenium.chrome.ChromeDriver
Command: [29f02322bab8c8a44094570a9b995487, findElement {using=id, value=loginFrm_loginname}]
Capabilities {acceptInsecureCerts: false, browserName: chrome, browserVersion: 139.0.7258.154, chrome: {chromedriverVersion: 139.0.7258.154 (9e0d6b2b47f..., userDataDir: C:\Users\Pavan\AppData\Loca...}, fedcm:accounts: true, goog:chromeOptions: {debuggerAddress: localhost:49866}, networkConnectionEnabled: false, pageLoadStrategy: normal, platformName: windows, proxy: Proxy(), se:cdp: ws://localhost:49866/devtoo..., se:cdpVersion: 139.0.7258.154, setWindowRect: true, strictFileInteractability: false, timeouts: {implicit: 0, pageLoad: 300000, script: 30000}, unhandledPromptBehavior: dismiss and notify, webauthn:extension:credBlob: true, webauthn:extension:largeBlob: true, webauthn:extension:minPinLength: true, webauthn:extension:prf: true, webauthn:virtualAuthenticators: true}
Session ID: 29f02322bab8c8a44094570a9b995487
[2025-08-29 11:38:16] Starting negative test - leaving required field empty
[2025-08-29 11:38:16] Filling registration form with user data
[2025-08-29 11:38:18] Could not select dropdown value: California - stale element reference: stale element not found in the current frame
  (Session info: chrome=139.0.7258.154)
For documentation on this error, please visit: https://www.selenium.dev/documentation/webdriver/troubleshooting/errors#stale-element-reference-exception
Build info: version: '4.15.0', revision: '1d14b5521b'
System info: os.name: 'Windows 11', os.arch: 'amd64', os.version: '10.0', java.version: '21.0.8'
Driver info: org.openqa.selenium.chrome.ChromeDriver
Command: [29f02322bab8c8a44094570a9b995487, getElementText {id=f.8E43B1512AD07584476A9AF803A9D64C.d.3E0D6BCAAEEA7D710A196907356CC16C.e.1047}]
Capabilities {acceptInsecureCerts: false, browserName: chrome, browserVersion: 139.0.7258.154, chrome: {chromedriverVersion: 139.0.7258.154 (9e0d6b2b47f..., userDataDir: C:\Users\Pavan\AppData\Loca...}, fedcm:accounts: true, goog:chromeOptions: {debuggerAddress: localhost:49866}, networkConnectionEnabled: false, pageLoadStrategy: normal, platformName: windows, proxy: Proxy(), se:cdp: ws://localhost:49866/devtoo..., se:cdpVersion: 139.0.7258.154, setWindowRect: true, strictFileInteractability: false, timeouts: {implicit: 0, pageLoad: 300000, script: 30000}, unhandledPromptBehavior: dismiss and notify, webauthn:extension:credBlob: true, webauthn:extension:largeBlob: true, webauthn:extension:minPinLength: true, webauthn:extension:prf: true, webauthn:virtualAuthenticators: true}
Element: [[[[ChromeDriver: chrome on windows (29f02322bab8c8a44094570a9b995487)] -> css selector: #AccountFrm_zone_id, [name='zone_id'], #state]] -> tag name: option]
Session ID: 29f02322bab8c8a44094570a9b995487
[2025-08-29 11:38:18] Checked agreement checkbox
[2025-08-29 11:38:18] Registration form filled successfully
[2025-08-29 11:38:19] Submitted registration form
[2025-08-29 11:38:21] Validation error found: ×
Login name must be alphanumeric only and between 5 and 64 characters!
Last Name must be between 1 and 32 characters!
Please select a region / state!
[2025-08-29 11:38:21] [VALIDATION] PASS - Negative test successful: Validation error displayed for empty required field
[2025-08-29 11:38:21] [VALIDATION] Negative test validation completed successfully
[2025-08-29 11:38:21] === Test 4 Completed Successfully ===
]]></system-out>
  </testcase>
</testsuite>