<?xml version="1.0" encoding="UTF-8"?>
<testng-results ignored="0" total="4" passed="4" failed="0" skipped="0">
  <reporter-output>
  </reporter-output>
  <suite started-at="2025-08-29T11:41:26 IST" name="ECommerce_Automation_Suite" finished-at="2025-08-29T11:42:35 IST" duration-ms="69100">
    <groups>
    </groups>
    <test started-at="2025-08-29T11:41:26 IST" name="E-Commerce_Workflow_Tests" finished-at="2025-08-29T11:42:35 IST" duration-ms="69100">
      <class name="tests.ECommerceTest">
        <test-method is-config="true" signature="suiteSetup()[pri:0, instance:tests.ECommerceTest@245b4bdc]" started-at="2025-08-29T11:41:26 IST" name="suiteSetup" finished-at="2025-08-29T11:41:26 IST" duration-ms="17" status="PASS">
          <reporter-output>
          </reporter-output>
        </test-method> <!-- suiteSetup -->
        <test-method is-config="true" signature="classSetup()[pri:0, instance:tests.ECommerceTest@245b4bdc]" started-at="2025-08-29T11:41:26 IST" name="classSetup" finished-at="2025-08-29T11:41:28 IST" duration-ms="1977" status="PASS">
          <reporter-output>
          </reporter-output>
        </test-method> <!-- classSetup -->
        <test-method signature="testHomepageAndCategoryVerification()[pri:1, instance:tests.ECommerceTest@245b4bdc]" started-at="2025-08-29T11:41:28 IST" name="testHomepageAndCategoryVerification" description="Homepage &amp; Category Verification" finished-at="2025-08-29T11:41:34 IST" duration-ms="6237" status="PASS">
          <reporter-output>
          </reporter-output>
        </test-method> <!-- testHomepageAndCategoryVerification -->
        <test-method signature="testProductSelectionAndCartAddition()[pri:2, instance:tests.ECommerceTest@245b4bdc]" started-at="2025-08-29T11:41:34 IST" name="testProductSelectionAndCartAddition" description="Product Selection &amp; Cart Addition" finished-at="2025-08-29T11:42:09 IST" depends-on-methods="tests.ECommerceTest.testHomepageAndCategoryVerification" duration-ms="34722" status="PASS">
          <reporter-output>
          </reporter-output>
        </test-method> <!-- testProductSelectionAndCartAddition -->
        <test-method signature="testCartAndCheckoutWorkflow()[pri:3, instance:tests.ECommerceTest@245b4bdc]" started-at="2025-08-29T11:42:09 IST" name="testCartAndCheckoutWorkflow" description="Cart &amp; Checkout Workflow" finished-at="2025-08-29T11:42:27 IST" depends-on-methods="tests.ECommerceTest.testProductSelectionAndCartAddition" duration-ms="18828" status="PASS">
          <reporter-output>
          </reporter-output>
        </test-method> <!-- testCartAndCheckoutWorkflow -->
        <test-method signature="testNegativeScenarioValidation()[pri:4, instance:tests.ECommerceTest@245b4bdc]" started-at="2025-08-29T11:42:27 IST" name="testNegativeScenarioValidation" description="Negative Scenario - Validation Testing" finished-at="2025-08-29T11:42:34 IST" duration-ms="6919" status="PASS">
          <reporter-output>
          </reporter-output>
        </test-method> <!-- testNegativeScenarioValidation -->
        <test-method is-config="true" signature="classTearDown()[pri:0, instance:tests.ECommerceTest@245b4bdc]" started-at="2025-08-29T11:42:34 IST" name="classTearDown" finished-at="2025-08-29T11:42:35 IST" duration-ms="374" status="PASS">
          <reporter-output>
          </reporter-output>
        </test-method> <!-- classTearDown -->
        <test-method is-config="true" signature="suiteTearDown()[pri:0, instance:tests.ECommerceTest@245b4bdc]" started-at="2025-08-29T11:42:35 IST" name="suiteTearDown" finished-at="2025-08-29T11:42:35 IST" duration-ms="0" status="PASS">
          <reporter-output>
          </reporter-output>
        </test-method> <!-- suiteTearDown -->
      </class> <!-- tests.ECommerceTest -->
    </test> <!-- E-Commerce_Workflow_Tests -->
  </suite> <!-- ECommerce_Automation_Suite -->
</testng-results>
